{"C:\\Users\\Alexander\\source\\repos\\FrontEnd App\\src\\formValidation.ts": {"path":"C:\\Users\\Alexander\\source\\repos\\FrontEnd App\\src\\formValidation.ts","statementMap":{"0":{"start":{"line":4,"column":26},"end":{"line":4,"column":83}},"1":{"start":{"line":5,"column":28},"end":{"line":5,"column":87}},"2":{"start":{"line":6,"column":30},"end":{"line":6,"column":91}},"3":{"start":{"line":7,"column":27},"end":{"line":7,"column":85}},"4":{"start":{"line":9,"column":26},"end":{"line":9,"column":82}},"5":{"start":{"line":10,"column":28},"end":{"line":10,"column":86}},"6":{"start":{"line":11,"column":30},"end":{"line":11,"column":90}},"7":{"start":{"line":12,"column":27},"end":{"line":12,"column":84}},"8":{"start":{"line":14,"column":8},"end":{"line":14,"column":35}},"9":{"start":{"line":15,"column":8},"end":{"line":15,"column":37}},"10":{"start":{"line":16,"column":8},"end":{"line":16,"column":39}},"11":{"start":{"line":17,"column":8},"end":{"line":17,"column":36}},"12":{"start":{"line":19,"column":26},"end":{"line":19,"column":41}},"13":{"start":{"line":20,"column":28},"end":{"line":20,"column":53}},"14":{"start":{"line":21,"column":30},"end":{"line":21,"column":49}},"15":{"start":{"line":22,"column":27},"end":{"line":22,"column":43}},"16":{"start":{"line":24,"column":8},"end":{"line":26,"column":9}},"17":{"start":{"line":25,"column":12},"end":{"line":25,"column":74}},"18":{"start":{"line":28,"column":8},"end":{"line":30,"column":9}},"19":{"start":{"line":29,"column":12},"end":{"line":29,"column":74}},"20":{"start":{"line":32,"column":8},"end":{"line":34,"column":9}},"21":{"start":{"line":33,"column":12},"end":{"line":33,"column":82}},"22":{"start":{"line":36,"column":8},"end":{"line":38,"column":9}},"23":{"start":{"line":37,"column":12},"end":{"line":37,"column":61}},"24":{"start":{"line":42,"column":27},"end":{"line":42,"column":77}},"25":{"start":{"line":43,"column":8},"end":{"line":43,"column":38}}},"fnMap":{"0":{"name":"(anonymous_0)","decl":{"start":{"line":3,"column":4},"end":{"line":3,"column":5}},"loc":{"start":{"line":3,"column":19},"end":{"line":39,"column":5}},"line":3},"1":{"name":"(anonymous_1)","decl":{"start":{"line":41,"column":4},"end":{"line":41,"column":5}},"loc":{"start":{"line":41,"column":42},"end":{"line":44,"column":5}},"line":41}},"branchMap":{"0":{"loc":{"start":{"line":24,"column":8},"end":{"line":26,"column":9}},"type":"if","locations":[{"start":{"line":24,"column":8},"end":{"line":26,"column":9}},{"start":{},"end":{}}],"line":24},"1":{"loc":{"start":{"line":28,"column":8},"end":{"line":30,"column":9}},"type":"if","locations":[{"start":{"line":28,"column":8},"end":{"line":30,"column":9}},{"start":{},"end":{}}],"line":28},"2":{"loc":{"start":{"line":28,"column":12},"end":{"line":28,"column":49}},"type":"binary-expr","locations":[{"start":{"line":28,"column":12},"end":{"line":28,"column":30}},{"start":{"line":28,"column":34},"end":{"line":28,"column":49}}],"line":28},"3":{"loc":{"start":{"line":32,"column":8},"end":{"line":34,"column":9}},"type":"if","locations":[{"start":{"line":32,"column":8},"end":{"line":34,"column":9}},{"start":{},"end":{}}],"line":32},"4":{"loc":{"start":{"line":36,"column":8},"end":{"line":38,"column":9}},"type":"if","locations":[{"start":{"line":36,"column":8},"end":{"line":38,"column":9}},{"start":{},"end":{}}],"line":36}},"s":{"0":0,"1":0,"2":0,"3":0,"4":0,"5":0,"6":0,"7":0,"8":0,"9":0,"10":0,"11":0,"12":0,"13":0,"14":0,"15":0,"16":0,"17":0,"18":0,"19":0,"20":0,"21":0,"22":0,"23":0,"24":1,"25":1},"f":{"0":0,"1":1},"b":{"0":[0,0],"1":[0,0],"2":[0,0],"3":[0,0],"4":[0,0]},"_coverageSchema":"1a1c01bbd47fc00a2c39e90264f33305004495a9","hash":"b2e81953d716e72f339fc861eebb47d7f80a2ef4"}
}
